# JRE version: OpenJDK Runtime Environment (21.0.8) (build 21.0.8+-14196175-b1038.72)
# Java VM: OpenJDK 64-Bit Server VM (21.0.8+-14196175-b1038.72, mixed mode, tiered, compressed oops, compressed class ptrs, g1 gc, windows-amd64)
GC Precious Log:
 CardTable entry size: 512
 Card Set container configuration: InlinePtr #cards 4 size 8 Array Of Cards #cards 16 size 48 Howl #buckets 8 coarsen threshold 3686 Howl Bitmap #cards 512 size 80 coarsen threshold 460 Card regions per heap region 1 cards per card region 4096
 CPUs: 12 total, 12 available
 Memory: 7545M
 Large Page Support: Disabled
 NUMA Support: Disabled
 Compressed Oops: Enabled (Zero based)
 Heap Region Size: 2M
 Heap Min Capacity: 8M
 Heap Initial Capacity: 118M
 Heap Max Capacity: 4G
 Pre-touch: Disabled
 Parallel Workers: 10
 Concurrent Workers: 3
 Concurrent Refinement Workers: 10
 Periodic GC: Disabled
Heap:
 garbage-first heap   total 948224K, used 316580K [0x0000000700000000, 0x0000000800000000)
  region size 2048K, 15 young (30720K), 15 survivors (30720K)
 Metaspace       used 233748K, committed 241728K, reserved 1310720K
  class space    used 30591K, committed 33408K, reserved 1048576K
GC Heap History (20 events):
Event: 3776.040 GC heap after
{Heap after GC invocations=121 (full 0):
 garbage-first heap   total 811008K, used 467099K [0x0000000700000000, 0x0000000800000000)
  region size 2048K, 4 young (8192K), 4 survivors (8192K)
 Metaspace       used 253684K, committed 256576K, reserved 1310720K
  class space    used 33484K, committed 34880K, reserved 1048576K
}
Event: 3801.569 GC heap before
{Heap before GC invocations=122 (full 0):
 garbage-first heap   total 811008K, used 563355K [0x0000000700000000, 0x0000000800000000)
  region size 2048K, 81 young (165888K), 4 survivors (8192K)
 Metaspace       used 233288K, committed 241728K, reserved 1310720K
  class space    used 30581K, committed 33408K, reserved 1048576K
}
Event: 3801.637 GC heap after
{Heap after GC invocations=123 (full 0):
 garbage-first heap   total 811008K, used 416229K [0x0000000700000000, 0x0000000800000000)
  region size 2048K, 8 young (16384K), 8 survivors (16384K)
 Metaspace       used 233288K, committed 241728K, reserved 1310720K
  class space    used 30581K, committed 33408K, reserved 1048576K
}
Event: 3806.711 GC heap before
{Heap before GC invocations=123 (full 0):
 garbage-first heap   total 811008K, used 551397K [0x0000000700000000, 0x0000000800000000)
  region size 2048K, 74 young (151552K), 8 survivors (16384K)
 Metaspace       used 233447K, committed 241728K, reserved 1310720K
  class space    used 30585K, committed 33408K, reserved 1048576K
}
Event: 3806.870 GC heap after
{Heap after GC invocations=124 (full 0):
 garbage-first heap   total 811008K, used 408055K [0x0000000700000000, 0x0000000800000000)
  region size 2048K, 10 young (20480K), 10 survivors (20480K)
 Metaspace       used 233447K, committed 241728K, reserved 1310720K
  class space    used 30585K, committed 33408K, reserved 1048576K
}
Event: 3807.816 GC heap before
{Heap before GC invocations=124 (full 0):
 garbage-first heap   total 811008K, used 426487K [0x0000000700000000, 0x0000000800000000)
  region size 2048K, 19 young (38912K), 10 survivors (20480K)
 Metaspace       used 233461K, committed 241728K, reserved 1310720K
  class space    used 30585K, committed 33408K, reserved 1048576K
}
Event: 3808.152 GC heap after
{Heap after GC invocations=125 (full 0):
 garbage-first heap   total 811008K, used 386416K [0x0000000700000000, 0x0000000800000000)
  region size 2048K, 3 young (6144K), 3 survivors (6144K)
 Metaspace       used 233461K, committed 241728K, reserved 1310720K
  class space    used 30585K, committed 33408K, reserved 1048576K
}
Event: 3812.013 GC heap before
{Heap before GC invocations=125 (full 0):
 garbage-first heap   total 811008K, used 441712K [0x0000000700000000, 0x0000000800000000)
  region size 2048K, 31 young (63488K), 3 survivors (6144K)
 Metaspace       used 233475K, committed 241728K, reserved 1310720K
  class space    used 30586K, committed 33408K, reserved 1048576K
}
Event: 3812.094 GC heap after
{Heap after GC invocations=126 (full 0):
 garbage-first heap   total 948224K, used 363971K [0x0000000700000000, 0x0000000800000000)
  region size 2048K, 4 young (8192K), 4 survivors (8192K)
 Metaspace       used 233475K, committed 241728K, reserved 1310720K
  class space    used 30586K, committed 33408K, reserved 1048576K
}
Event: 3814.841 GC heap before
{Heap before GC invocations=126 (full 0):
 garbage-first heap   total 948224K, used 415171K [0x0000000700000000, 0x0000000800000000)
  region size 2048K, 29 young (59392K), 4 survivors (8192K)
 Metaspace       used 233504K, committed 241728K, reserved 1310720K
  class space    used 30586K, committed 33408K, reserved 1048576K
}
Event: 3814.955 GC heap after
{Heap after GC invocations=127 (full 0):
 garbage-first heap   total 948224K, used 342417K [0x0000000700000000, 0x0000000800000000)
  region size 2048K, 3 young (6144K), 3 survivors (6144K)
 Metaspace       used 233504K, committed 241728K, reserved 1310720K
  class space    used 30586K, committed 33408K, reserved 1048576K
}
Event: 3856.848 GC heap before
{Heap before GC invocations=127 (full 0):
 garbage-first heap   total 948224K, used 410001K [0x0000000700000000, 0x0000000800000000)
  region size 2048K, 36 young (73728K), 3 survivors (6144K)
 Metaspace       used 233533K, committed 241728K, reserved 1310720K
  class space    used 30587K, committed 33408K, reserved 1048576K
}
Event: 3857.947 GC heap after
{Heap after GC invocations=128 (full 0):
 garbage-first heap   total 948224K, used 321721K [0x0000000700000000, 0x0000000800000000)
  region size 2048K, 4 young (8192K), 4 survivors (8192K)
 Metaspace       used 233533K, committed 241728K, reserved 1310720K
  class space    used 30587K, committed 33408K, reserved 1048576K
}
Event: 3860.522 GC heap before
{Heap before GC invocations=128 (full 0):
 garbage-first heap   total 948224K, used 360633K [0x0000000700000000, 0x0000000800000000)
  region size 2048K, 23 young (47104K), 4 survivors (8192K)
 Metaspace       used 233543K, committed 241728K, reserved 1310720K
  class space    used 30588K, committed 33408K, reserved 1048576K
}
Event: 3860.834 GC heap after
{Heap after GC invocations=129 (full 0):
 garbage-first heap   total 948224K, used 304107K [0x0000000700000000, 0x0000000800000000)
  region size 2048K, 3 young (6144K), 3 survivors (6144K)
 Metaspace       used 233543K, committed 241728K, reserved 1310720K
  class space    used 30588K, committed 33408K, reserved 1048576K
}
Event: 3864.013 GC heap before
{Heap before GC invocations=129 (full 0):
 garbage-first heap   total 948224K, used 343019K [0x0000000700000000, 0x0000000800000000)
  region size 2048K, 23 young (47104K), 3 survivors (6144K)
 Metaspace       used 233582K, committed 241728K, reserved 1310720K
  class space    used 30588K, committed 33408K, reserved 1048576K
}
Event: 3864.455 GC heap after
{Heap after GC invocations=130 (full 0):
 garbage-first heap   total 948224K, used 292716K [0x0000000700000000, 0x0000000800000000)
  region size 2048K, 3 young (6144K), 3 survivors (6144K)
 Metaspace       used 233582K, committed 241728K, reserved 1310720K
  class space    used 30588K, committed 33408K, reserved 1048576K
}
Event: 3866.034 GC heap before
{Heap before GC invocations=130 (full 0):
 garbage-first heap   total 948224K, used 333676K [0x0000000700000000, 0x0000000800000000)
  region size 2048K, 23 young (47104K), 3 survivors (6144K)
 Metaspace       used 233644K, committed 241728K, reserved 1310720K
  class space    used 30588K, committed 33408K, reserved 1048576K
}
Event: 3866.146 GC heap after
{Heap after GC invocations=131 (full 0):
 garbage-first heap   total 948224K, used 291744K [0x0000000700000000, 0x0000000800000000)
  region size 2048K, 3 young (6144K), 3 survivors (6144K)
 Metaspace       used 233644K, committed 241728K, reserved 1310720K
  class space    used 30588K, committed 33408K, reserved 1048576K
}
Event: 3911.957 GC heap before
{Heap before GC invocations=131 (full 0):
 garbage-first heap   total 948224K, used 551840K [0x0000000700000000, 0x0000000800000000)
  region size 2048K, 131 young (268288K), 3 survivors (6144K)
 Metaspace       used 233748K, committed 241728K, reserved 1310720K
  class space    used 30591K, committed 33408K, reserved 1048576K
}

