# JRE version: OpenJDK Runtime Environment (21.0.8) (build 21.0.8+-14196175-b1038.72)
# Java VM: OpenJDK 64-Bit Server VM (21.0.8+-14196175-b1038.72, mixed mode, tiered, compressed oops, compressed class ptrs, g1 gc, windows-amd64)
GC Precious Log:
 CardTable entry size: 512
 Card Set container configuration: InlinePtr #cards 4 size 8 Array Of Cards #cards 16 size 48 Howl #buckets 8 coarsen threshold 3686 Howl Bitmap #cards 512 size 80 coarsen threshold 460 Card regions per heap region 1 cards per card region 4096
 CPUs: 12 total, 12 available
 Memory: 7545M
 Large Page Support: Disabled
 NUMA Support: Disabled
 Compressed Oops: Enabled (Zero based)
 Heap Region Size: 2M
 Heap Min Capacity: 8M
 Heap Initial Capacity: 118M
 Heap Max Capacity: 4G
 Pre-touch: Disabled
 Parallel Workers: 10
 Concurrent Workers: 3
 Concurrent Refinement Workers: 10
 Periodic GC: Disabled
Heap:
 garbage-first heap   total 540672K, used 325011K [0x0000000700000000, 0x0000000800000000)
  region size 2048K, 8 young (16384K), 8 survivors (16384K)
 Metaspace       used 239545K, committed 242304K, reserved 1310720K
  class space    used 32068K, committed 33408K, reserved 1048576K
GC Heap History (20 events):
Event: 260.515 GC heap after
{Heap after GC invocations=88 (full 0):
 garbage-first heap   total 540672K, used 325632K [0x0000000700000000, 0x0000000800000000)
  region size 2048K, 12 young (24576K), 12 survivors (24576K)
 Metaspace       used 209747K, committed 214144K, reserved 1245184K
  class space    used 27892K, committed 29760K, reserved 1048576K
}
Event: 260.522 GC heap before
{Heap before GC invocations=88 (full 0):
 garbage-first heap   total 540672K, used 327680K [0x0000000700000000, 0x0000000800000000)
  region size 2048K, 13 young (26624K), 12 survivors (24576K)
 Metaspace       used 209747K, committed 214144K, reserved 1245184K
  class space    used 27892K, committed 29760K, reserved 1048576K
}
Event: 260.543 GC heap after
{Heap after GC invocations=89 (full 0):
 garbage-first heap   total 540672K, used 315406K [0x0000000700000000, 0x0000000800000000)
  region size 2048K, 1 young (2048K), 1 survivors (2048K)
 Metaspace       used 209747K, committed 214144K, reserved 1245184K
  class space    used 27892K, committed 29760K, reserved 1048576K
}
Event: 261.087 GC heap before
{Heap before GC invocations=89 (full 0):
 garbage-first heap   total 540672K, used 339982K [0x0000000700000000, 0x0000000800000000)
  region size 2048K, 13 young (26624K), 1 survivors (2048K)
 Metaspace       used 209933K, committed 214144K, reserved 1245184K
  class space    used 27894K, committed 29760K, reserved 1048576K
}
Event: 261.107 GC heap after
{Heap after GC invocations=90 (full 0):
 garbage-first heap   total 540672K, used 311296K [0x0000000700000000, 0x0000000800000000)
  region size 2048K, 2 young (4096K), 2 survivors (4096K)
 Metaspace       used 209933K, committed 214144K, reserved 1245184K
  class space    used 27894K, committed 29760K, reserved 1048576K
}
Event: 262.786 GC heap before
{Heap before GC invocations=90 (full 0):
 garbage-first heap   total 540672K, used 331776K [0x0000000700000000, 0x0000000800000000)
  region size 2048K, 13 young (26624K), 2 survivors (4096K)
 Metaspace       used 212353K, committed 215360K, reserved 1245184K
  class space    used 28175K, committed 29760K, reserved 1048576K
}
Event: 262.820 GC heap after
{Heap after GC invocations=91 (full 0):
 garbage-first heap   total 540672K, used 306862K [0x0000000700000000, 0x0000000800000000)
  region size 2048K, 2 young (4096K), 2 survivors (4096K)
 Metaspace       used 212353K, committed 215360K, reserved 1245184K
  class space    used 28175K, committed 29760K, reserved 1048576K
}
Event: 269.414 GC heap before
{Heap before GC invocations=91 (full 0):
 garbage-first heap   total 540672K, used 347822K [0x0000000700000000, 0x0000000800000000)
  region size 2048K, 22 young (45056K), 2 survivors (4096K)
 Metaspace       used 216237K, committed 219008K, reserved 1245184K
  class space    used 28671K, committed 30016K, reserved 1048576K
}
Event: 269.474 GC heap after
{Heap after GC invocations=92 (full 0):
 garbage-first heap   total 540672K, used 303349K [0x0000000700000000, 0x0000000800000000)
  region size 2048K, 3 young (6144K), 3 survivors (6144K)
 Metaspace       used 216237K, committed 219008K, reserved 1245184K
  class space    used 28671K, committed 30016K, reserved 1048576K
}
Event: 274.023 GC heap before
{Heap before GC invocations=92 (full 0):
 garbage-first heap   total 540672K, used 352501K [0x0000000700000000, 0x0000000800000000)
  region size 2048K, 27 young (55296K), 3 survivors (6144K)
 Metaspace       used 219098K, committed 221824K, reserved 1245184K
  class space    used 28975K, committed 30272K, reserved 1048576K
}
Event: 274.193 GC heap after
{Heap after GC invocations=93 (full 0):
 garbage-first heap   total 540672K, used 299581K [0x0000000700000000, 0x0000000800000000)
  region size 2048K, 3 young (6144K), 3 survivors (6144K)
 Metaspace       used 219098K, committed 221824K, reserved 1245184K
  class space    used 28975K, committed 30272K, reserved 1048576K
}
Event: 357.302 GC heap before
{Heap before GC invocations=93 (full 0):
 garbage-first heap   total 540672K, used 318013K [0x0000000700000000, 0x0000000800000000)
  region size 2048K, 13 young (26624K), 3 survivors (6144K)
 Metaspace       used 219273K, committed 222016K, reserved 1245184K
  class space    used 28976K, committed 30272K, reserved 1048576K
}
Event: 357.573 GC heap after
{Heap after GC invocations=94 (full 0):
 garbage-first heap   total 540672K, used 293362K [0x0000000700000000, 0x0000000800000000)
  region size 2048K, 1 young (2048K), 1 survivors (2048K)
 Metaspace       used 219273K, committed 222016K, reserved 1245184K
  class space    used 28976K, committed 30272K, reserved 1048576K
}
Event: 362.289 GC heap before
{Heap before GC invocations=94 (full 0):
 garbage-first heap   total 540672K, used 319986K [0x0000000700000000, 0x0000000800000000)
  region size 2048K, 15 young (30720K), 1 survivors (2048K)
 Metaspace       used 219448K, committed 222208K, reserved 1245184K
  class space    used 29001K, committed 30336K, reserved 1048576K
}
Event: 362.382 GC heap after
{Heap after GC invocations=95 (full 0):
 garbage-first heap   total 540672K, used 290871K [0x0000000700000000, 0x0000000800000000)
  region size 2048K, 2 young (4096K), 2 survivors (4096K)
 Metaspace       used 219448K, committed 222208K, reserved 1245184K
  class space    used 29001K, committed 30336K, reserved 1048576K
}
Event: 370.543 GC heap before
{Heap before GC invocations=95 (full 0):
 garbage-first heap   total 540672K, used 460855K [0x0000000700000000, 0x0000000800000000)
  region size 2048K, 86 young (176128K), 2 survivors (4096K)
 Metaspace       used 226572K, committed 229376K, reserved 1310720K
  class space    used 29971K, committed 31296K, reserved 1048576K
}
Event: 370.684 GC heap after
{Heap after GC invocations=96 (full 0):
 garbage-first heap   total 540672K, used 310019K [0x0000000700000000, 0x0000000800000000)
  region size 2048K, 11 young (22528K), 11 survivors (22528K)
 Metaspace       used 226572K, committed 229376K, reserved 1310720K
  class space    used 29971K, committed 31296K, reserved 1048576K
}
Event: 372.003 GC heap before
{Heap before GC invocations=96 (full 0):
 garbage-first heap   total 540672K, used 445187K [0x0000000700000000, 0x0000000800000000)
  region size 2048K, 78 young (159744K), 11 survivors (22528K)
 Metaspace       used 233328K, committed 236096K, reserved 1310720K
  class space    used 31122K, committed 32448K, reserved 1048576K
}
Event: 372.042 GC heap after
{Heap after GC invocations=97 (full 0):
 garbage-first heap   total 540672K, used 320412K [0x0000000700000000, 0x0000000800000000)
  region size 2048K, 6 young (12288K), 6 survivors (12288K)
 Metaspace       used 233328K, committed 236096K, reserved 1310720K
  class space    used 31122K, committed 32448K, reserved 1048576K
}
Event: 373.475 GC heap before
{Heap before GC invocations=97 (full 0):
 garbage-first heap   total 540672K, used 480156K [0x0000000700000000, 0x0000000800000000)
  region size 2048K, 85 young (174080K), 6 survivors (12288K)
 Metaspace       used 239545K, committed 242304K, reserved 1310720K
  class space    used 32068K, committed 33408K, reserved 1048576K
}

